\BOOKMARK [0][-]{section*.1}{\376\377\000C\000o\000v\000e\000r\000\040\000P\000a\000g\000e}{}% 1
\BOOKMARK [0][-]{section*.2}{\376\377\000A\000c\000k\000n\000o\000w\000l\000e\000d\000g\000m\000e\000n\000t}{}% 2
\BOOKMARK [0][-]{section*.3}{\376\377\000A\000b\000s\000t\000r\000a\000c\000t}{}% 3
\BOOKMARK [0][-]{section*.4}{\376\377\000L\000i\000s\000t\000\040\000o\000f\000\040\000F\000i\000g\000u\000r\000e\000s}{}% 4
\BOOKMARK [0][-]{section*.5}{\376\377\000T\000a\000b\000l\000e\000\040\000o\000f\000\040\000C\000o\000n\000t\000e\000n\000t\000s}{}% 5
\BOOKMARK [0][-]{chapter.1}{\376\377\000I\000n\000t\000r\000o\000d\000u\000c\000t\000i\000o\000n}{}% 6
\BOOKMARK [0][-]{chapter.2}{\376\377\000R\000e\000l\000a\000t\000e\000d\000\040\000W\000o\000r\000k}{}% 7
\BOOKMARK [0][-]{chapter.3}{\376\377\000M\000e\000t\000h\000o\000d\000o\000l\000o\000g\000y}{}% 8
\BOOKMARK [1][-]{section.3.1}{\376\377\000I\000n\000t\000r\000o\000d\000u\000c\000t\000i\000o\000n}{chapter.3}% 9
\BOOKMARK [1][-]{section.3.2}{\376\377\000P\000h\000a\000s\000e\000\040\0001\000:\000\040\000D\000a\000t\000a\000\040\000A\000c\000q\000u\000i\000s\000i\000t\000i\000o\000n}{chapter.3}% 10
\BOOKMARK [2][-]{subsection.3.2.1}{\376\377\000T\000h\000e\000\040\000D\000a\000t\000a\000\040\000C\000o\000l\000l\000e\000c\000t\000i\000o\000n\000\040\000C\000a\000m\000p\000a\000i\000g\000n\000\040\000a\000t\000\040\000U\000n\000i\000v\000e\000r\000s\000i\000t\000y\000\040\000H\000o\000s\000p\000i\000t\000a\000l}{section.3.2}% 11
\BOOKMARK [2][-]{subsection.3.2.2}{\376\377\000O\000u\000r\000\040\000A\000n\000d\000r\000o\000i\000d\000\040\000A\000p\000p\000l\000i\000c\000a\000t\000i\000o\000n\000:\000\040\000D\000i\000a\000b\000e\000t\000e\000s\000C\000o\000l\000l\000e\000c\000t\000o\000r}{section.3.2}% 12
\BOOKMARK [2][-]{subsection.3.2.3}{\376\377\000P\000a\000t\000i\000e\000n\000t\000\040\000P\000r\000o\000f\000i\000l\000e\000s\000\040\000a\000n\000d\000\040\000G\000r\000o\000u\000n\000d\000\040\000T\000r\000u\000t\000h\000\040\000E\000n\000t\000r\000y}{section.3.2}% 13
\BOOKMARK [2][-]{subsection.3.2.4}{\376\377\000H\000a\000n\000d\000l\000i\000n\000g\000\040\000D\000a\000t\000a\000\040\000w\000i\000t\000h\000o\000u\000t\000\040\000O\000v\000e\000r\000l\000a\000p\000s\000\040\000\050\000U\000U\000I\000D\000\040\000S\000t\000r\000a\000t\000e\000g\000y\000\051}{section.3.2}% 14
\BOOKMARK [2][-]{subsection.3.2.5}{\376\377\000T\000h\000e\000\040\000S\000i\000g\000n\000a\000l\000\040\000R\000e\000c\000o\000r\000d\000i\000n\000g\000\040\000P\000r\000o\000c\000e\000s\000s\000\040\000\050\000T\000h\000e\000\040\0002\0000\000-\000S\000e\000c\000o\000n\000d\000\040\000R\000u\000l\000e\000\051}{section.3.2}% 15
\BOOKMARK [2][-]{subsection.3.2.6}{\376\377\000E\000x\000p\000o\000r\000t\000i\000n\000g\000\040\000a\000n\000d\000\040\000M\000e\000r\000g\000i\000n\000g\000\040\000t\000h\000e\000\040\000F\000i\000n\000a\000l\000\040\000D\000a\000t\000a\000s\000e\000t}{section.3.2}% 16
\BOOKMARK [1][-]{section.3.3}{\376\377\000P\000h\000a\000s\000e\000\040\0002\000:\000\040\000D\000a\000t\000a\000\040\000P\000r\000e\000p\000r\000o\000c\000e\000s\000s\000i\000n\000g\000\040\000a\000n\000d\000\040\000S\000t\000r\000u\000c\000t\000u\000r\000i\000n\000g}{chapter.3}% 17
\BOOKMARK [2][-]{subsection.3.3.1}{\376\377\000V\000i\000d\000e\000o\000\040\000O\000r\000i\000e\000n\000t\000a\000t\000i\000o\000n\000\040\000N\000o\000r\000m\000a\000l\000i\000z\000a\000t\000i\000o\000n}{section.3.3}% 18
\BOOKMARK [2][-]{subsection.3.3.2}{\376\377\000H\000i\000e\000r\000a\000r\000c\000h\000i\000c\000a\000l\000\040\000D\000a\000t\000a\000s\000e\000t\000\040\000R\000e\000-\000o\000r\000g\000a\000n\000i\000z\000a\000t\000i\000o\000n}{section.3.3}% 19
\BOOKMARK [2][-]{subsection.3.3.3}{\376\377\000Q\000u\000a\000l\000i\000t\000y\000\040\000C\000o\000n\000t\000r\000o\000l\000\040\000a\000n\000d\000\040\000D\000a\000t\000a\000\040\000F\000i\000l\000t\000e\000r\000i\000n\000g}{section.3.3}% 20
\BOOKMARK [2][-]{subsection.3.3.4}{\376\377\000A\000u\000t\000o\000m\000a\000t\000i\000o\000n\000\040\000P\000y\000t\000h\000o\000n\000\040\000S\000c\000r\000i\000p\000t\000\040\000f\000o\000r\000\040\000R\000e\000s\000t\000r\000u\000c\000t\000u\000r\000i\000n\000g}{section.3.3}% 21
\BOOKMARK [1][-]{section.3.4}{\376\377\000P\000h\000a\000s\000e\000\040\0003\000:\000\040\000r\000P\000P\000G\000\040\000E\000x\000t\000r\000a\000c\000t\000i\000o\000n}{chapter.3}% 22
\BOOKMARK [2][-]{subsection.3.4.1}{\376\377\000R\000a\000w\000\040\000T\000e\000m\000p\000o\000r\000a\000l\000\040\000R\000G\000B\000\040\000E\000x\000t\000r\000a\000c\000t\000i\000o\000n}{section.3.4}% 23
\BOOKMARK [2][-]{subsection.3.4.2}{\376\377\000F\000r\000a\000m\000e\000\040\000R\000a\000t\000e\000\040\000N\000o\000r\000m\000a\000l\000i\000z\000a\000t\000i\000o\000n\000\040\000S\000t\000r\000a\000t\000e\000g\000i\000e\000s}{section.3.4}% 24
\BOOKMARK [2][-]{subsection.3.4.3}{\376\377\000D\000i\000g\000i\000t\000a\000l\000\040\000S\000i\000g\000n\000a\000l\000\040\000D\000e\000t\000r\000e\000n\000d\000i\000n\000g\000,\000\040\000N\000o\000r\000m\000a\000l\000i\000z\000a\000t\000i\000o\000n\000,\000\040\000a\000n\000d\000\040\000F\000i\000l\000t\000e\000r\000i\000n\000g}{section.3.4}% 25
\BOOKMARK [2][-]{subsection.3.4.4}{\376\377\000S\000t\000r\000a\000t\000i\000f\000i\000e\000d\000\040\000D\000a\000t\000a\000s\000e\000t\000\040\000S\000p\000l\000i\000t\000t\000i\000n\000g}{section.3.4}% 26
\BOOKMARK [2][-]{subsection.3.4.5}{\376\377\000S\000i\000g\000n\000a\000l\000\040\000E\000x\000t\000r\000a\000c\000t\000i\000o\000n\000\040\000a\000n\000d\000\040\000P\000r\000o\000c\000e\000s\000s\000i\000n\000g\000\040\000I\000m\000p\000l\000e\000m\000e\000n\000t\000a\000t\000i\000o\000n}{section.3.4}% 27
\BOOKMARK [2][-]{subsection.3.4.6}{\376\377\000E\000x\000p\000e\000r\000i\000m\000e\000n\000t\000a\000l\000\040\000R\000e\000s\000u\000l\000t\000s\000\040\000a\000n\000d\000\040\000V\000i\000s\000u\000a\000l\000i\000z\000a\000t\000i\000o\000n}{section.3.4}% 28
\BOOKMARK [1][-]{section.3.5}{\376\377\000P\000h\000a\000s\000e\000\040\0004\000:\000\040\000A\000I\000\040\000M\000o\000d\000e\000l\000i\000n\000g}{chapter.3}% 29
\BOOKMARK [0][-]{chapter.4}{\376\377\000R\000e\000s\000u\000l\000t\000s}{}% 30
\BOOKMARK [0][-]{chapter.5}{\376\377\000C\000o\000n\000c\000l\000u\000s\000i\000o\000n}{}% 31
\BOOKMARK [0][-]{section*.28}{\376\377\000R\000e\000f\000e\000r\000e\000n\000c\000e\000s}{}% 32
\BOOKMARK [0][-]{appendix*.30}{\376\377\000A\000p\000p\000e\000n\000d\000i\000x\000\040\000A\000:\000\040}{}% 33
\BOOKMARK [1][-]{subsection.Alph0.0.1}{\376\377\000F\000o\000r\000w\000a\000r\000d\000\040\000\046\000\040\000S\000t\000o\000p}{appendix*.30}% 34
\BOOKMARK [2][-]{subsection.Alph0.0.2}{\376\377\000R\000i\000g\000h\000t}{subsection.Alph0.0.1}% 35
\BOOKMARK [2][-]{subsection.Alph0.0.3}{\376\377\000L\000e\000f\000t}{subsection.Alph0.0.1}% 36
\BOOKMARK [2][-]{subsection.Alph0.0.4}{\376\377\000c\000e\000n\000t\000e\000r}{subsection.Alph0.0.1}% 37
\BOOKMARK [2][-]{subsection.Alph0.0.5}{\376\377\000T\000o\000g\000g\000l\000e\000\040\000S\000y\000s\000t\000e\000m\000\040\000\050\000O\000N\000\040\000/\000\040\000O\000F\000F\000\051}{subsection.Alph0.0.1}% 38
\BOOKMARK [2][-]{subsection.Alph0.0.6}{\376\377\000A\000l\000a\000r\000m}{subsection.Alph0.0.1}% 39
